> Task :compileJava UP-TO-DATE
> Task :processResources UP-TO-DATE
> Task :classes UP-TO-DATE
> Task :resolveMainClassName UP-TO-DATE

> Task :bootRun
20:29:10 [34mINFO [0;39m [36mc.C.CIENderellaApplication[0;39m - Starting CIENderellaApplication using Java 23.0.2 with PID 2256572 (/home/crocobob/CIENderella/build/classes/java/main started by crocobob in /home/crocobob/CIENderella)
20:29:10 [34mINFO [0;39m [36mc.C.CIENderellaApplication[0;39m - The following 1 profile is active: "prod"
20:29:11 [34mINFO [0;39m [36mo.s.d.r.c.RepositoryConfigurationDelegate[0;39m - Bootstrapping Spring Data JPA repositories in DEFAULT mode.
20:29:11 [34mINFO [0;39m [36mo.s.d.r.c.RepositoryConfigurationDelegate[0;39m - Finished Spring Data repository scanning in 45 ms. Found 3 JPA repository interfaces.
20:29:11 [34mINFO [0;39m [36mo.s.b.w.e.t.TomcatWebServer[0;39m - Tomcat initialized with port 9001 (http)
20:29:11 [34mINFO [0;39m [36mo.a.c.c.StandardService[0;39m - Starting service [Tomcat]
20:29:11 [34mINFO [0;39m [36mo.a.c.c.StandardEngine[0;39m - Starting Servlet engine: [Apache Tomcat/10.1.34]
20:29:12 [34mINFO [0;39m [36mo.a.c.c.C.[.[.[/][0;39m - Initializing Spring embedded WebApplicationContext
20:29:12 [34mINFO [0;39m [36mo.s.b.w.s.c.ServletWebServerApplicationContext[0;39m - Root WebApplicationContext: initialization completed in 1431 ms
20:29:12 [34mINFO [0;39m [36mo.h.j.i.u.LogHelper[0;39m - HHH000204: Processing PersistenceUnitInfo [name: default]
20:29:12 [34mINFO [0;39m [36mo.h.Version[0;39m - HHH000412: Hibernate ORM core version 6.6.5.Final
20:29:12 [34mINFO [0;39m [36mo.h.c.i.RegionFactoryInitiator[0;39m - HHH000026: Second-level cache disabled
20:29:12 [34mINFO [0;39m [36mo.s.o.j.p.SpringPersistenceUnitInfo[0;39m - No LoadTimeWeaver setup: ignoring JPA class transformer
20:29:12 [34mINFO [0;39m [36mc.z.h.HikariDataSource[0;39m - HikariPool-1 - Starting...
20:29:12 [34mINFO [0;39m [36mc.z.h.p.HikariPool[0;39m - HikariPool-1 - Added connection com.mysql.cj.jdbc.ConnectionImpl@2619cb76
20:29:12 [34mINFO [0;39m [36mc.z.h.HikariDataSource[0;39m - HikariPool-1 - Start completed.
20:29:13 [31mWARN [0;39m [36mo.h.o.deprecation[0;39m - HHH90000025: MySQLDialect does not need to be specified explicitly using 'hibernate.dialect' (remove the property setting and it will be selected by default)
20:29:13 [34mINFO [0;39m [36mo.h.o.c.pooling[0;39m - HHH10001005: Database info:
	Database JDBC URL [Connecting through datasource 'HikariDataSource (HikariPool-1)']
	Database driver: undefined/unknown
	Database version: 8.4.4
	Autocommit mode: undefined/unknown
	Isolation level: undefined/unknown
	Minimum pool size: undefined/unknown
	Maximum pool size: undefined/unknown
20:29:13 [34mINFO [0;39m [36mo.h.e.t.j.p.i.JtaPlatformInitiator[0;39m - HHH000489: No JTA platform available (set 'hibernate.transaction.jta.platform' to enable JTA platform integration)
20:29:14 [34mINFO [0;39m [36mo.s.o.j.LocalContainerEntityManagerFactoryBean[0;39m - Initialized JPA EntityManagerFactory for persistence unit 'default'
20:29:14 [31mWARN [0;39m [36mo.s.b.a.o.j.JpaBaseConfiguration$JpaWebConfiguration[0;39m - spring.jpa.open-in-view is enabled by default. Therefore, database queries may be performed during view rendering. Explicitly configure spring.jpa.open-in-view to disable this warning
20:29:14 [34mINFO [0;39m [36mo.s.v.b.OptionalValidatorFactoryBean[0;39m - Failed to set up a Bean Validation provider: jakarta.validation.NoProviderFoundException: Unable to create a Configuration, because no Jakarta Bean Validation provider could be found. Add a provider like Hibernate Validator (RI) to your classpath.
20:29:15 [34mINFO [0;39m [36mo.s.b.w.e.t.TomcatWebServer[0;39m - Tomcat started on port 9001 (http) with context path '/'
20:29:15 [34mINFO [0;39m [36mc.C.CIENderellaApplication[0;39m - Started CIENderellaApplication in 5.104 seconds (process running for 5.508)
20:29:15 [34mINFO [0;39m [36mc.C.CIENderellaApplication[0;39m - << Application started >>
20:30:00 [34mINFO [0;39m [36mo.a.c.c.C.[.[.[/][0;39m - Initializing Spring DispatcherServlet 'dispatcherServlet'
20:30:00 [34mINFO [0;39m [36mo.s.w.s.DispatcherServlet[0;39m - Initializing Servlet 'dispatcherServlet'
20:30:00 [34mINFO [0;39m [36mo.s.w.s.DispatcherServlet[0;39m - Completed initialization in 3 ms
20:30:53 [34mINFO [0;39m [36mo.s.a.AbstractOpenApiResource[0;39m - Init duration for springdoc-openapi is: 293 ms
